Added Component: Designator=U3(ESP32)
Add component (AddParameter): Name = "Digi-Key_Part_Number"; Value = "1904-1010-1-ND"; VariantName = "[No Variations]"
Add component (AddParameter): Name = "Digi-Key_Purchase_URL"; Value = "https://www.digikey.com/product-detail/en/espressif-systems/ESP32-WROOM-32/1904-1010-1-ND/8544305?utm_source=snapeda&utm_medium=aggregator&utm_campaign=symbol"; VariantName = "[No Variations]"
Add component (AddParameter): Name = "MF"; Value = "Espressif Systems"; VariantName = "[No Variations]"
Add component (AddParameter): Name = "MP"; Value = "ESP32-WROOM-32"; VariantName = "[No Variations]"
Add component (AddParameter): Name = "Package"; Value = "Module Espressif Systems"; VariantName = "[No Variations]"
Add component (AddParameter): Name = "SnapEDA_Link"; Value = "https://www.snapeda.com/parts/ESP32-WROOM-32/Espressif%20Systems/view-part/2753322/?ref=snap"; VariantName = "[No Variations]"
Add component (AddParameter): Name = "Value"; Value = ""; VariantName = "[No Variations]"
Added Pin To Net: NetName=GND Pin=U3-1
Added Pin To Net: NetName=3V3 Pin=U3-2
Added Pin To Net: NetName=NetC33_1 Pin=U3-3
Added Pin To Net: NetName=GND Pin=U3-4
Added Pin To Net: NetName=GND Pin=U3-5
Added Pin To Net: NetName=GND Pin=U3-6
Added Pin To Net: NetName=GND Pin=U3-7
Added Pin To Net: NetName=NetR42_1 Pin=U3-13
Added Pin To Net: NetName=NetR41_1 Pin=U3-14
Added Pin To Net: NetName=GND Pin=U3-15
Added Pin To Net: NetName=NetJMP1_2 Pin=U3-25
Added Pin To Net: NetName=NetR45_2 Pin=U3-26
Added Pin To Net: NetName=NetR44_2 Pin=U3-27
Added Pin To Net: NetName=NetR43_2 Pin=U3-28
Added Pin To Net: NetName=NetU2_2 Pin=U3-34
Added Pin To Net: NetName=NetU2_1 Pin=U3-35
Added Pin To Net: NetName=GND Pin=U3-38
Added Pin To Net: NetName=GND Pin=U3-39_1
Added Pin To Net: NetName=GND Pin=U3-39_2
Added Pin To Net: NetName=GND Pin=U3-39_3
Added Pin To Net: NetName=GND Pin=U3-39_4
Added Pin To Net: NetName=GND Pin=U3-39_5
Added Pin To Net: NetName=GND Pin=U3-39_6
Added Pin To Net: NetName=GND Pin=U3-39_7
Added Pin To Net: NetName=GND Pin=U3-39_8
Added Pin To Net: NetName=GND Pin=U3-39_9
Added Pin To Net: NetName=GND Pin=U3-39_10
Added Pin To Net: NetName=GND Pin=U3-39_11
Added Pin To Net: NetName=GND Pin=U3-39_12
Added Pin To Net: NetName=GND Pin=U3-39_13
Added Pin To Net: NetName=GND Pin=U3-39_14
Added Pin To Net: NetName=GND Pin=U3-39_15
Added Pin To Net: NetName=GND Pin=U3-39_16
Added Pin To Net: NetName=GND Pin=U3-39_17
Added Pin To Net: NetName=GND Pin=U3-39_18
Added Pin To Net: NetName=GND Pin=U3-39_19
Added Pin To Net: NetName=GND Pin=U3-39_20
Added Pin To Net: NetName=GND Pin=U3-39_21
Added Member To Class: ClassName=Microcontroller Member=Component U3 ESP32-WROOM-32
